<?xml version="1.0" encoding="UTF-8"?>
<!-- Generated by org.testng.reporters.JUnitReportReporter -->
<testsuite hostname="RSI1517" failures="0" tests="2" name="br.com.rsinet.hub_tdd.testes.BuscaLupa" time="35.456" errors="0" timestamp="2020-02-10T20:54:42 BRT" skipped="0">
  <testcase classname="br.com.rsinet.hub_tdd.testes.BuscaLupa" name="testeDeBuscaPorLupaFalha" time="17.411"/>
  <testcase classname="br.com.rsinet.hub_tdd.testes.BuscaLupa" name="testeDeBuscaPorLupaSucesso" time="18.045"/>
</testsuite> <!-- br.com.rsinet.hub_tdd.testes.BuscaLupa -->
