<?xml version="1.0" encoding="UTF-8"?>
<!-- Generated by org.testng.reporters.JUnitReportReporter -->
<testsuite hostname="RSI1517" failures="0" tests="1" name="br.com.rsinet.gub_tdd.testes.TesteBuscaHome" time="6.160" errors="0" timestamp="2020-02-05T10:46:35 BRT" skipped="0">
  <testcase classname="br.com.rsinet.gub_tdd.testes.TesteBuscaHome" name="BuscaProdutoHome" time="6.160"/>
</testsuite> <!-- br.com.rsinet.gub_tdd.testes.TesteBuscaHome -->
