<?xml version="1.0" encoding="UTF-8"?>
<!-- Generated by org.testng.reporters.JUnitReportReporter -->
<testsuite hostname="RSI1517" failures="0" tests="2" name="br.com.rsinet.hub_tdd.testes.Cadastro" time="75.255" errors="0" timestamp="2020-02-10T20:53:13 BRT" skipped="0">
  <testcase classname="br.com.rsinet.hub_tdd.testes.Cadastro" name="testeDeCadastroSucesso" time="47.900"/>
  <testcase classname="br.com.rsinet.hub_tdd.testes.Cadastro" name="testeDeCadastroFalha" time="27.355"/>
</testsuite> <!-- br.com.rsinet.hub_tdd.testes.Cadastro -->
